
OnButtondecode: start
DeleteFileTmp: OK
Check Extension: OK
CreateTempFile: OK
OPEN SOURCE FILE C:\Documents and Settings\knwlss\Desktop\sh2ru\data\etc\message\stage_eddie_boss_msg_e.mes_new: OK
DestroyAllData: OK
LoadTable: OK
OnButtondecode: end OK


OnButtondecode: start
DeleteFileTmp: OK
Check Extension: OK
CreateTempFile: OK
OPEN SOURCE FILE C:\Documents and Settings\knwlss\Desktop\sh2ru\data\etc\message\stage_apart_e1f_msg_e.mes_new: OK
DestroyAllData: OK
LoadTable: OK
OnButtondecode: end OK


OnButtondecode: start
DeleteFileTmp: OK
Check Extension: OK
CreateTempFile: OK
OPEN SOURCE FILE C:\Documents and Settings\knwlss\Desktop\sh2ru\data\etc\message\stage_apart_e2f_msg_e.mes_new: OK
DestroyAllData: OK
LoadTable: OK
OnButtondecode: end OK


OnButtondecode: start
DeleteFileTmp: OK
Check Extension: OK
CreateTempFile: OK
OPEN SOURCE FILE C:\Documents and Settings\knwlss\Desktop\sh2ru\data\etc\message\stage_apart_e3fe_msg_e.mes_new: OK
DestroyAllData: OK
LoadTable: OK
OnButtondecode: end OK


OnButtondecode: start
DeleteFileTmp: OK
Check Extension: OK
CreateTempFile: OK
OPEN SOURCE FILE C:\Documents and Settings\knwlss\Desktop\sh2ru\data\etc\message\stage_apart_w1f_msg_e.mes_new: OK
DestroyAllData: OK
LoadTable: OK
OnButtondecode: end OK


OnButtondecode: start
DeleteFileTmp: OK
Check Extension: OK
CreateTempFile: OK
OPEN SOURCE FILE C:\Documents and Settings\knwlss\Desktop\sh2ru\data\etc\message\stage_apart_w1f_msg_e.mes_new: OK
DestroyAllData: OK
LoadTable: OK
OnButtondecode: end OK


OnButtondecode: start
DeleteFileTmp: OK
Check Extension: OK
CreateTempFile: OK
OPEN SOURCE FILE C:\Documents and Settings\knwlss\Desktop\sh2ru\data\etc\message\stage_hospital_rf_f_msg_e.mes_new: OK
DestroyAllData: OK
LoadTable: OK
OnButtondecode: end OK


OnButtondecode: start
DeleteFileTmp: OK
Check Extension: OK
CreateTempFile: OK
OPEN SOURCE FILE C:\Documents and Settings\knwlss\Desktop\sh2ru\data\etc\message\stage_hospital_1f_f_msg_e.mes_new: OK
DestroyAllData: OK
LoadTable: OK
OnButtondecode: end OK


OnButtondecode: start
DeleteFileTmp: OK
Check Extension: OK
CreateTempFile: OK
OPEN SOURCE FILE C:\Documents and Settings\knwlss\Desktop\sh2ru\data\etc\message\letter_w2_msg_e.mes_new: OK
DestroyAllData: OK
LoadTable: OK
OnButtondecode: end OK


OnButtondecode: start
DeleteFileTmp: OK
Check Extension: OK
CreateTempFile: OK
OPEN SOURCE FILE C:\Documents and Settings\knwlss\Desktop\sh2ru\data\etc\message\letter_w1_msg_e.mes_new: OK
DestroyAllData: OK
LoadTable: OK
OnButtondecode: end OK


OnButtondecode: start
DeleteFileTmp: OK
Check Extension: OK
CreateTempFile: OK
OPEN SOURCE FILE C:\Documents and Settings\knwlss\Desktop\sh2ru\data\etc\message\memo_msg_e.mes_new: OK
DestroyAllData: OK
LoadTable: OK
OnButtondecode: end OK


OnButtondecode: start
DeleteFileTmp: OK
Check Extension: OK
CreateTempFile: OK
OPEN SOURCE FILE C:\Documents and Settings\knwlss\Desktop\sh2ru\data\etc\message\stage_hospital_3f_b_msg_e.mes_new: OK
DestroyAllData: OK
LoadTable: OK
OnButtondecode: end OK


OnButtondecode: start
DeleteFileTmp: OK
Check Extension: OK
CreateTempFile: OK
OPEN SOURCE FILE C:\Documents and Settings\knwlss\Desktop\sh2ru\data\etc\message\stage_hospital_3f_f_msg_e.mes_new: OK
DestroyAllData: OK
LoadTable: OK
OnButtondecode: end OK


OnButtondecode: start
DeleteFileTmp: OK
Check Extension: OK
CreateTempFile: OK
OPEN SOURCE FILE C:\Documents and Settings\knwlss\Desktop\sh2ru\data\etc\message\stage_hospital_2f_f_msg_e.mes_new: OK
DestroyAllData: OK
LoadTable: OK
OnButtondecode: end OK


OnButtondecode: start
DeleteFileTmp: OK
Check Extension: OK
CreateTempFile: OK
OPEN SOURCE FILE C:\Documents and Settings\knwlss\Desktop\sh2ru\data\etc\message\stage_hospital_1f_f_msg_e.mes_new: OK
DestroyAllData: OK
LoadTable: OK
OnButtondecode: end OK


OnButtondecode: start
DeleteFileTmp: OK
Check Extension: OK
CreateTempFile: OK
OPEN SOURCE FILE C:\Documents and Settings\knwlss\Desktop\sh2ru\data\etc\message\stage_delusion_2_msg_e.mes_new: OK
DestroyAllData: OK
LoadTable: OK
OnButtondecode: end OK


OnButtondecode: start
DeleteFileTmp: OK
Check Extension: OK
CreateTempFile: OK
OPEN SOURCE FILE C:\Documents and Settings\knwlss\Desktop\sh2ru\data\etc\message\stage_hospital_3f_b_msg_e.mes_new: OK
DestroyAllData: OK
LoadTable: OK
OnButtondecode: end OK


OnButtondecode: start
DeleteFileTmp: OK
Check Extension: OK
CreateTempFile: OK
OPEN SOURCE FILE C:\Documents and Settings\knwlss\Desktop\sh2ru\data\etc\message\stage_hospital_3f_f_msg_e.mes_new: OK
DestroyAllData: OK
LoadTable: OK
OnButtondecode: end OK


OnButtondecode: start
DeleteFileTmp: OK
Check Extension: OK
CreateTempFile: OK
OPEN SOURCE FILE C:\Documents and Settings\knwlss\Desktop\sh2ru\data\etc\message\stage_hospital_2f_b_msg_e.mes_new: OK
DestroyAllData: OK
LoadTable: OK
OnButtondecode: end OK


OnButtondecode: start
DeleteFileTmp: OK
Check Extension: OK
CreateTempFile: OK
OPEN SOURCE FILE C:\Documents and Settings\knwlss\Desktop\sh2ru\data\etc\message\stage_hospital_2f_f_msg_e.mes_new: OK
DestroyAllData: OK
LoadTable: OK
OnButtondecode: end OK


OnButtondecode: start
DeleteFileTmp: OK
Check Extension: OK
CreateTempFile: OK
OPEN SOURCE FILE C:\Documents and Settings\knwlss\Desktop\sh2ru\data\etc\message\stage_hospital_rf_f_msg_e.mes_new: OK
DestroyAllData: OK
LoadTable: OK
OnButtondecode: end OK


OnButtondecode: start
DeleteFileTmp: OK
Check Extension: OK
CreateTempFile: OK
OPEN SOURCE FILE C:\Documents and Settings\knwlss\Desktop\sh2ru\data\etc\message\stage_hospital_3f_f_msg_e.mes_new: OK
DestroyAllData: OK
LoadTable: OK
OnButtondecode: end OK


OnButtondecode: start
DeleteFileTmp: OK
Check Extension: OK
CreateTempFile: OK
OPEN SOURCE FILE C:\Documents and Settings\knwlss\Desktop\sh2ru\data\etc\message\stage_hospital_2f_b_msg_e.mes_new: OK
DestroyAllData: OK
LoadTable: OK
OnButtondecode: end OK


OnButtondecode: start
DeleteFileTmp: OK
Check Extension: OK
CreateTempFile: OK
OPEN SOURCE FILE C:\Documents and Settings\knwlss\Desktop\sh2ru\data\etc\message\stage_hospital_2f_f_msg_e.mes_new: OK
DestroyAllData: OK
LoadTable: OK
OnButtondecode: end OK


OnButtondecode: start
DeleteFileTmp: OK
Check Extension: Use SH3 file
Check Extension: OK
CreateTempFile: OK
OPEN SOURCE FILE E:\Games\Konami\SILENT HILL 3\data\msg.arc_new: OK
DestroyAllData: OK
LoadIndexes: OK
LoadTable: OK
OnButtondecode: end OK


OnButtondecode: start
DeleteFileTmp: OK
Check Extension: OK
CreateTempFile: OK
OPEN SOURCE FILE C:\Games\Konami\Silent Hill 2\data\etc\message\stage_hospital_2f_f_msg_j.mes_new: OK
DestroyAllData: OK
LoadTable: OK
OnButtondecode: end OK


OnButtondecode: start
DeleteFileTmp: OK
Check Extension: OK
CreateTempFile: OK
OPEN SOURCE FILE C:\Games\Konami\Silent Hill 2\data\etc\message\stage_labyrinth_w_msg_g.mes_new: OK
DestroyAllData: OK
LoadTable: OK
OnButtondecode: end OK


OnButtondecode: start
DeleteFileTmp: OK
Check Extension: OK
CreateTempFile: OK
OPEN SOURCE FILE C:\Games\Konami\Silent Hill 2\data\etc\message\stage_labyrinth_w_msg_e.mes_new: OK
DestroyAllData: OK
LoadTable: OK
OnButtondecode: end OK


OnButtondecode: start
DeleteFileTmp: OK
Check Extension: OK
CreateTempFile: OK
OPEN SOURCE FILE C:\Games\Konami\Silent Hill 2\data\etc\message\stage_labyrinth_e_msg_e.mes_new: OK
DestroyAllData: OK
LoadTable: OK
OnButtondecode: end OK


OnButtondecode: start
DeleteFileTmp: OK
Check Extension: OK
CreateTempFile: OK
OPEN SOURCE FILE C:\Games\Konami\Silent Hill 2\data\etc\message\item_msg_e.mes_new: OK
DestroyAllData: OK
LoadTable: OK
OnButtondecode: end OK


OnButtondecode: start
DeleteFileTmp: OK
Check Extension: OK
CreateTempFile: OK
OPEN SOURCE FILE C:\Games\Konami\Silent Hill 2\data\etc\message\stage_observation_msg_e.mes_new: OK
DestroyAllData: OK
LoadTable: OK
OnButtondecode: end OK


OnButtondecode: start
DeleteFileTmp: OK
Check Extension: OK
CreateTempFile: OK
OPEN SOURCE FILE C:\Games\Konami\Silent Hill 2\data\etc\message\stage_lake_msg_e.mes_new: OK
DestroyAllData: OK
LoadTable: OK
OnButtondecode: end OK


OnButtondecode: start
DeleteFileTmp: OK
Check Extension: OK
CreateTempFile: OK
OPEN SOURCE FILE C:\Games\Konami\Silent Hill 2\data\etc\message\stage_town_east_msg_e.mes_new: OK
DestroyAllData: OK
LoadTable: OK
OnButtondecode: end OK


OnButtondecode: start
DeleteFileTmp: OK
Check Extension: OK
CreateTempFile: OK
OPEN SOURCE FILE C:\Games\Konami\Silent Hill 2\data\etc\message\stage_town_west_msg_e.mes_new: OK
DestroyAllData: OK
LoadTable: OK
OnButtondecode: end OK


OnButtondecode: start
DeleteFileTmp: OK
Check Extension: OK
CreateTempFile: OK
OPEN SOURCE FILE C:\Games\Konami\Silent Hill 2\data\etc\message\stage_hotel_1f_b_msg_e.mes_new: OK
DestroyAllData: OK
LoadTable: OK
OnButtondecode: end OK


OnButtondecode: start
DeleteFileTmp: OK
Check Extension: OK
CreateTempFile: OK
OPEN SOURCE FILE C:\Games\Konami\Silent Hill 2\data\etc\message\stage_hotel_1f_f_msg_e.mes_new: OK
DestroyAllData: OK
LoadTable: OK
OnButtondecode: end OK


OnButtondecode: start
DeleteFileTmp: OK
Check Extension: OK
CreateTempFile: OK
OPEN SOURCE FILE C:\Games\Konami\Silent Hill 2\data\etc\message\stage_hospital_2f_b_msg_e.mes_new: OK
DestroyAllData: OK
LoadTable: OK
OnButtondecode: end OK


OnButtondecode: start
DeleteFileTmp: OK
Check Extension: OK
CreateTempFile: OK
OPEN SOURCE FILE C:\Documents and Settings\knwlss\My Documents\knwlss\Games.solutions.info\Silent Hill\Translations\sh2ru translation\data\etc\message\letter_w0_msg_e.mes_new: OK
DestroyAllData: OK
LoadTable: OK
OnButtondecode: end OK


OnButtondecode: start
DeleteFileTmp: OK
Check Extension: OK
CreateTempFile: OK
OPEN SOURCE FILE C:\Documents and Settings\knwlss\My Documents\knwlss\Games.solutions.info\Silent Hill\Translations\sh2ru translation\data\etc\message\item_x_msg_e.mes_new: OK
DestroyAllData: OK
LoadTable: OK
OnButtondecode: end OK


OnButtondecode: start
DeleteFileTmp: OK
Check Extension: OK
CreateTempFile: OK
OPEN SOURCE FILE C:\Documents and Settings\knwlss\My Documents\knwlss\Games.solutions.info\Silent Hill\Translations\sh2ru translation\data\etc\message\item_msg_e.mes_new: OK
DestroyAllData: OK
LoadTable: OK
OnButtondecode: end OK


OnButtondecode: start
DeleteFileTmp: OK
Check Extension: OK
CreateTempFile: OK
OPEN SOURCE FILE C:\Documents and Settings\knwlss\My Documents\knwlss\Games.solutions.info\Silent Hill\Translations\sh2ru translation\data\etc\message\memo_x_msg_e.mes_new: OK
DestroyAllData: OK
LoadTable: OK
OnButtondecode: end OK


OnButtondecode: start
DeleteFileTmp: OK
Check Extension: OK
CreateTempFile: OK
OPEN SOURCE FILE C:\Documents and Settings\knwlss\My Documents\knwlss\Games.solutions.info\Silent Hill\Translations\sh2ru translation\data\etc\message\stage_hotel_2f_b_msg_e.mes_new: OK
DestroyAllData: OK
LoadTable: OK
OnButtondecode: end OK


OnButtondecode: start
DeleteFileTmp: OK
Check Extension: OK
CreateTempFile: OK
OPEN SOURCE FILE C:\Documents and Settings\knwlss\My Documents\knwlss\Games.solutions.info\Silent Hill\Translations\sh2ru translation\data\etc\message\stage_labyrinth_e_msg_e.mes_new: OK
DestroyAllData: OK
LoadTable: OK
OnButtondecode: end OK


OnButtondecode: start
DeleteFileTmp: OK
Check Extension: OK
CreateTempFile: OK
OPEN SOURCE FILE C:\Documents and Settings\knwlss\My Documents\knwlss\Games.solutions.info\Silent Hill\Translations\sh2ru translation\data\etc\message\stage_labyrinth_n_msg_e.mes_new: OK
DestroyAllData: OK
LoadTable: OK
OnButtondecode: end OK


OnButtondecode: start
DeleteFileTmp: OK
Check Extension: OK
CreateTempFile: OK
OPEN SOURCE FILE D:\Games\KONAMI\Silent Hill 2\data\etc\message\stage_apart_boss_msg_j.mes_new: OK
DestroyAllData: OK

OnButtondecode: start
DeleteFileTmp: OK
Check Extension: OK
CreateTempFile: OK
OPEN SOURCE FILE D:\Games\KONAMI\Silent Hill 2\data\etc\message\common_msg_e.mes_new: OK
DestroyAllData: OK
LoadTable: OK
OnButtondecode: end OK


OnButtondecode: start
DeleteFileTmp: OK
Check Extension: OK
CreateTempFile: OK
OPEN SOURCE FILE D:\Games\KONAMI\Silent Hill 2\data\etc\message\config_pc_msg_g.mes_new: OK
DestroyAllData: OK
LoadTable: OK
OnButtondecode: end OK


OnButtondecode: start
DeleteFileTmp: OK
Check Extension: OK
CreateTempFile: OK
OPEN SOURCE FILE D:\Games\KONAMI\Silent Hill 2\data\etc\message\letter_msg_f.mes_new: OK
DestroyAllData: OK
LoadTable: OK
OnButtondecode: end OK


OnButtondecode: start
DeleteFileTmp: OK
Check Extension: OK
CreateTempFile: OK
OPEN SOURCE FILE D:\Games\KONAMI\Silent Hill 2\data\etc\message\letter_msg_e.mes_new: OK
DestroyAllData: OK
LoadTable: OK
OnButtondecode: end OK


OnButtondecode: start
DeleteFileTmp: OK
Check Extension: OK
CreateTempFile: OK
OPEN SOURCE FILE D:\Games\KONAMI\Silent Hill 2\data\etc\message\letter_msg_e.mes_new: OK
DestroyAllData: OK
LoadTable: OK
OnButtondecode: end OK


OnButtondecode: start
DeleteFileTmp: OK
Check Extension: OK
CreateTempFile: OK
OPEN SOURCE FILE D:\Games\KONAMI\Silent Hill 2\data\etc\message\stage_apart_boss_msg_e.mes_new: OK
DestroyAllData: OK

OnButtondecode: start
DeleteFileTmp: OK
Check Extension: OK
CreateTempFile: OK
OPEN SOURCE FILE D:\Games\KONAMI\Silent Hill 2\data\etc\message\memo_msg_e.mes_new: OK
DestroyAllData: OK
LoadTable: OK
OnButtondecode: end OK


OnButtondecode: start
DeleteFileTmp: OK
Check Extension: OK
CreateTempFile: OK
OPEN SOURCE FILE D:\Games\KONAMI\Silent Hill 2\data\etc\message\stage_apart_e1f_msg_e.mes_new: OK
DestroyAllData: OK
LoadTable: OK
OnButtondecode: end OK


OnButtondecode: start
DeleteFileTmp: OK
Check Extension: OK
CreateTempFile: OK
OPEN SOURCE FILE D:\Games\KONAMI\Silent Hill 2\data\etc\message\stage_x_heaven_msg_e.mes_new: OK
DestroyAllData: OK
LoadTable: OK
OnButtondecode: end OK


OnButtondecode: start
DeleteFileTmp: OK
Check Extension: OK
CreateTempFile: OK
OPEN SOURCE FILE D:\Games\KONAMI\Silent Hill 2\data\etc\message\stage_x_town_msg_e.mes_new: OK
DestroyAllData: OK
LoadTable: OK
OnButtondecode: end OK


OnButtondecode: start
DeleteFileTmp: OK
Check Extension: OK
CreateTempFile: OK
OPEN SOURCE FILE D:\Games\KONAMI\Silent Hill 2\data\etc\message\stage_x_mansion_1f_msg_e.mes_new: OK
DestroyAllData: OK
LoadTable: OK
OnButtondecode: end OK


OnButtondecode: start
DeleteFileTmp: OK
Check Extension: OK
CreateTempFile: OK
OPEN SOURCE FILE D:\Games\KONAMI\Silent Hill 2\data\etc\message\stage_x_mansion_2f_msg_e.mes_new: OK
DestroyAllData: OK
LoadTable: OK
OnButtondecode: end OK


OnButtondecode: start
DeleteFileTmp: OK
Check Extension: OK
CreateTempFile: OK
OPEN SOURCE FILE D:\Games\KONAMI\Silent Hill 2\data\etc\message\stage_x_mansion_bf_msg_e.mes_new: OK
DestroyAllData: OK
LoadTable: OK
OnButtondecode: end OK


OnButtondecode: start
DeleteFileTmp: OK
Check Extension: OK
CreateTempFile: OK
OPEN SOURCE FILE D:\Games\KONAMI\Silent Hill 2\data\etc\message\stage_x_apart_msg_e.mes_new: OK
DestroyAllData: OK
LoadTable: OK
OnButtondecode: end OK


OnButtondecode: start
DeleteFileTmp: OK
Check Extension: OK
CreateTempFile: OK
OPEN SOURCE FILE D:\Games\KONAMI\Silent Hill 2\data\etc\message\stage_x_mansion_1f_msg_e.mes_new: OK
DestroyAllData: OK
LoadTable: OK
OnButtondecode: end OK


OnButtondecode: start
DeleteFileTmp: OK
Check Extension: OK
CreateTempFile: OK
OPEN SOURCE FILE C:\Program Files\Konami\Silent Hill 2 - Directors Cut\data\etc\message\stage_x_heaven_msg_e.mes_new: OK
DestroyAllData: OK
LoadTable: OK
OnButtondecode: end OK


OnButtondecode: start
DeleteFileTmp: OK
Check Extension: OK
CreateTempFile: OK
OPEN SOURCE FILE C:\Program Files\Konami\Silent Hill 2 - Directors Cut\data\etc\message\stage_x_mansion_2f_msg_e.mes_new: OK
DestroyAllData: OK
LoadTable: OK
OnButtondecode: end OK


OnButtondecode: start
DeleteFileTmp: OK
Check Extension: OK
CreateTempFile: OK
OPEN SOURCE FILE C:\Program Files\Konami\Silent Hill 2 - Directors Cut\data\etc\message\stage_x_mansion_1f_msg_e.mes_new: OK
DestroyAllData: OK
LoadTable: OK
OnButtondecode: end OK


OnButtondecode: start
DeleteFileTmp: OK
Check Extension: OK
CreateTempFile: OK
OPEN SOURCE FILE D:\Games\KONAMI\Silent Hill 2\data\etc\message\stage_hotel_fire_msg_e.mes_new: OK
DestroyAllData: OK
LoadTable: OK
OnButtondecode: end OK


OnButtondecode: start
DeleteFileTmp: OK
Check Extension: OK
CreateTempFile: OK
OPEN SOURCE FILE D:\Games\KONAMI\Silent Hill 2\data\etc\message\letter_w0_msg_e.mes_new: OK
DestroyAllData: OK
LoadTable: OK
OnButtondecode: end OK


OnButtondecode: start
DeleteFileTmp: OK
Check Extension: OK
CreateTempFile: OK
OPEN SOURCE FILE D:\Games\KONAMI\Silent Hill 2\data\etc\message\stage_to_heaven_msg_e.mes_new: OK
DestroyAllData: OK
LoadTable: OK
OnButtondecode: end OK


OnButtondecode: start
DeleteFileTmp: OK
Check Extension: OK
CreateTempFile: OK
OPEN SOURCE FILE D:\Games\KONAMI\Silent Hill 2\data\etc\message\result_msg_e.mes_new: OK
DestroyAllData: OK
LoadTable: OK
OnButtondecode: end OK


OnButtondecode: start
DeleteFileTmp: OK
Check Extension: OK
CreateTempFile: OK
OPEN SOURCE FILE D:\Games\KONAMI\Silent Hill 2\data\etc\message\common_msg_e.mes_new: OK
DestroyAllData: OK
LoadTable: OK
OnButtondecode: end OK


OnButtondecode: start
DeleteFileTmp: OK
Check Extension: OK
CreateTempFile: OK
OPEN SOURCE FILE D:\Games\KONAMI\Silent Hill 2\data\etc\message\letter_msg_e.mes_new: OK
DestroyAllData: OK
LoadTable: OK
OnButtondecode: end OK


OnButtondecode: start
DeleteFileTmp: OK
Check Extension: OK
CreateTempFile: OK
OPEN SOURCE FILE D:\Games\KONAMI\Silent Hill 2\data\etc\message\m_card_msg_e.mes_new: OK
DestroyAllData: OK
LoadTable: OK
OnButtondecode: end OK


OnButtondecode: start
DeleteFileTmp: OK
Check Extension: OK
CreateTempFile: OK
OPEN SOURCE FILE D:\Games\KONAMI\Silent Hill 2\data\etc\message\stage_end_suicide_msg_e.mes_new: OK
DestroyAllData: OK
LoadTable: OK
OnButtondecode: end OK


OnButtondecode: start
DeleteFileTmp: OK
Check Extension: OK
CreateTempFile: OK
OPEN SOURCE FILE D:\Games\KONAMI\Silent Hill 2\data\etc\message\stage_delusion_2_msg_e.mes_new: OK
DestroyAllData: OK
LoadTable: OK
OnButtondecode: end OK


OnButtondecode: start
DeleteFileTmp: OK
Check Extension: OK
CreateTempFile: OK
OPEN SOURCE FILE D:\Games\KONAMI\Silent Hill 2\data\etc\message\stage_end_recovery_msg_e.mes_new: OK
DestroyAllData: OK
LoadTable: OK
OnButtondecode: end OK


OnButtondecode: start
DeleteFileTmp: OK
Check Extension: OK
CreateTempFile: OK
OPEN SOURCE FILE Z:\home\zital\Games\local\sh2\lang\etc\message\common_msg_s.mes_new: OK
DestroyAllData: OK
LoadTable: OK
OnButtondecode: end OK


OnButtondecode: start
DeleteFileTmp: OK
Check Extension: OK
CreateTempFile: OK
OPEN SOURCE FILE Z:\home\zital\Games\local\sh2\lang\etc\message\config_pc_msg_s.mes_new: OK
DestroyAllData: OK
LoadTable: OK
OnButtondecode: end OK


OnButtondecode: start
DeleteFileTmp: OK
Check Extension: OK
CreateTempFile: OK
OPEN SOURCE FILE Z:\home\zital\Games\local\sh2\lang\etc\message\common_msg_s.mes_new: OK
DestroyAllData: OK
LoadTable: OK
OnButtondecode: end OK


OnButtondecode: start
DeleteFileTmp: OK
Check Extension: OK
CreateTempFile: OK
OPEN SOURCE FILE Z:\home\zital\Games\local\sh2\lang\etc\message\item_msg_s.mes_new: OK
DestroyAllData: OK
LoadTable: OK
OnButtondecode: end OK


OnButtondecode: start
DeleteFileTmp: OK
Check Extension: OK
CreateTempFile: OK
OPEN SOURCE FILE Z:\home\zital\Games\local\sh2\lang\etc\message\item_x_msg_s.mes_new: OK
DestroyAllData: OK
LoadTable: OK
OnButtondecode: end OK


OnButtondecode: start
DeleteFileTmp: OK
Check Extension: OK
CreateTempFile: OK
OPEN SOURCE FILE Z:\home\zital\Games\local\sh2\lang\etc\message\result_msg_s.mes_new: OK
DestroyAllData: OK
LoadTable: OK
OnButtondecode: end OK


OnButtondecode: start
DeleteFileTmp: OK
Check Extension: OK
CreateTempFile: OK
OPEN SOURCE FILE Z:\home\zital\Games\local\sh2\lang\etc\message\m_card_msg_s.mes_new: OK
DestroyAllData: OK
LoadTable: OK
OnButtondecode: end OK


OnButtondecode: start
DeleteFileTmp: OK
Check Extension: OK
CreateTempFile: OK
OPEN SOURCE FILE Z:\home\zital\Games\local\sh2\lang\etc\message\option_msg_s.mes_new: OK
DestroyAllData: OK
LoadTable: OK
OnButtondecode: end OK


OnButtondecode: start
DeleteFileTmp: OK
Check Extension: OK
CreateTempFile: OK
OPEN SOURCE FILE Z:\home\zital\Games\local\sh2\lang\etc\message\common_msg_s.mes_new: OK
DestroyAllData: OK
LoadTable: OK
OnButtondecode: end OK


OnButtondecode: start
DeleteFileTmp: OK
Check Extension: OK
CreateTempFile: OK
OPEN SOURCE FILE Z:\home\zital\Games\local\sh2\lang\etc\message\common_msg_s.mes_new: OK
DestroyAllData: OK
LoadTable: OK
OnButtondecode: end OK


OnButtondecode: start
DeleteFileTmp: OK
Check Extension: OK
CreateTempFile: OK
OPEN SOURCE FILE Z:\home\zital\Games\local\sh2\lang\etc\message\common_msg_s.mes_new: OK
DestroyAllData: OK
LoadTable: OK
OnButtondecode: end OK


OnButtondecode: start
DeleteFileTmp: OK
Check Extension: OK
CreateTempFile: OK
OPEN SOURCE FILE Z:\home\zital\Games\local\sh2\lang\etc\message\common_msg_s.mes_new: OK
DestroyAllData: OK
LoadTable: OK
OnButtondecode: end OK


OnButtondecode: start
DeleteFileTmp: OK
Check Extension: OK
CreateTempFile: OK
OPEN SOURCE FILE Z:\home\zital\Games\local\sh2\lang\etc\message\common_msg_s.mes_new: OK
DestroyAllData: OK
LoadTable: OK
OnButtondecode: end OK


OnButtondecode: start
DeleteFileTmp: OK
Check Extension: OK
CreateTempFile: OK
OPEN SOURCE FILE Z:\home\zital\Games\local\sh2\lang\etc\message\common_msg_s.mes_new: OK
DestroyAllData: OK
LoadTable: OK
OnButtondecode: end OK


OnButtondecode: start
DeleteFileTmp: OK
Check Extension: OK
CreateTempFile: OK
OPEN SOURCE FILE C:\Users\iban\Downloads\a\common_msg_s.mes_new: OK
DestroyAllData: OK
LoadTable: OK
OnButtondecode: end OK


OnButtondecode: start
DeleteFileTmp: OK
Check Extension: OK
CreateTempFile: OK
OPEN SOURCE FILE C:\Users\iban\Downloads\a\common_msg_s.mes_new: OK
DestroyAllData: OK
LoadTable: OK
OnButtondecode: end OK


OnButtondecode: start
DeleteFileTmp: OK
Check Extension: OK
CreateTempFile: OK
OPEN SOURCE FILE C:\projects\JokoakEuskaraz\Silent Hill 2 Enhanced Edition\lang\etc\message\common_msg_s.mes_new: OK
DestroyAllData: OK
LoadTable: OK
OnButtondecode: end OK


OnButtondecode: start
DeleteFileTmp: OK
Check Extension: OK
CreateTempFile: OK
OPEN SOURCE FILE C:\projects\JokoakEuskaraz\Silent Hill 2 Enhanced Edition\lang\etc\message\config_pc_msg_s.mes_new: OK
DestroyAllData: OK
LoadTable: OK
OnButtondecode: end OK


OnButtondecode: start
DeleteFileTmp: OK
Check Extension: OK
CreateTempFile: OK
OPEN SOURCE FILE C:\projects\JokoakEuskaraz\Silent Hill 2 Enhanced Edition\lang\etc\message\item_msg_s.mes_new: OK
DestroyAllData: OK
LoadTable: OK
OnButtondecode: end OK


OnButtondecode: start
DeleteFileTmp: OK
Check Extension: OK
CreateTempFile: OK
OPEN SOURCE FILE C:\projects\JokoakEuskaraz\Silent Hill 2 Enhanced Edition\lang\etc\message\item_x_msg_s.mes_new: OK
DestroyAllData: OK
LoadTable: OK
OnButtondecode: end OK


OnButtondecode: start
DeleteFileTmp: OK
Check Extension: OK
CreateTempFile: OK
OPEN SOURCE FILE C:\projects\JokoakEuskaraz\Silent Hill 2 Enhanced Edition\lang\etc\message\letter_msg_s.mes_new: OK
DestroyAllData: OK
LoadTable: OK
OnButtondecode: end OK


OnButtondecode: start
DeleteFileTmp: OK
Check Extension: OK
CreateTempFile: OK
OPEN SOURCE FILE C:\projects\JokoakEuskaraz\Silent Hill 2 Enhanced Edition\lang\etc\message\letter_w1_msg_s.mes_new: OK
DestroyAllData: OK
LoadTable: OK
OnButtondecode: end OK


OnButtondecode: start
DeleteFileTmp: OK
Check Extension: OK
CreateTempFile: OK
OPEN SOURCE FILE C:\projects\JokoakEuskaraz\Silent Hill 2 Enhanced Edition\lang\etc\message\letter_w2_msg_s.mes_new: OK
DestroyAllData: OK
LoadTable: OK
OnButtondecode: end OK

